/* eslint-disable import/no-commonjs */
{"timestamp":1754067055,"agent":"effie","event":"💚 Effie online"}
{"timestamp":1754335694,"agent":"effie","event":"❌ Effie offline"}
{"timestamp":1755124922,"agent":"effie","event":"💚 Effie online"}
{"timestamp":1755125233,"agent":"effie","event":"💚 Effie online"}
{"timestamp":1755125257,"agent":"effie","event":"💚 Effie online"}
{"timestamp":1755125333,"agent":"effie","event":"💚 Effie online"}
{"timestamp":1755126039,"agent":"matilda","event":"💚 Matilda online"}
{"timestamp":1755126066,"agent":"matilda","event":"💚 Matilda online"}
{"timestamp":1755126098,"agent":"matilda","event":"💚 Matilda online"}
{"timestamp":1755127135,"agent":"matilda","event":"💚 Matilda online"}
{"timestamp":1755127168,"agent":"matilda","event":"💚 Matilda online"}
{"timestamp":1755127247,"agent":"matilda","event":"💚 Matilda online"}
{"timestamp":1755127332,"agent":"matilda","event":"💚 Matilda online"}
{"timestamp":1755127899,"agent":"matilda","event":"💚 Matilda online"}
[2025-08-20T17:30:48.520Z] ❌ Cade failed task 24: read file
[2025-08-20T17:30:51.513Z] ❌ Cade failed task 24: read file
[2025-08-20T17:30:54.516Z] ❌ Cade failed task 24: read file
[2025-08-20T17:30:57.518Z] ❌ Cade failed task 24: read file
[2025-08-20T17:31:00.518Z] ❌ Cade failed task 24: read file
[2025-08-20T17:31:03.518Z] ❌ Cade failed task 24: read file
[2025-08-20T17:31:06.519Z] ❌ Cade failed task 24: read file
[2025-08-20T17:31:09.521Z] ❌ Cade failed task 24: read file
[2025-08-20T17:31:12.522Z] ❌ Cade failed task 24: read file
[2025-08-20T17:31:15.523Z] ❌ Cade failed task 24: read file
[2025-08-20T17:31:18.525Z] ❌ Cade failed task 24: read file
[2025-08-20T17:31:21.525Z] ❌ Cade failed task 24: read file
[2025-08-20T17:31:24.526Z] ❌ Cade failed task 24: read file
[2025-08-20T17:31:27.527Z] ❌ Cade failed task 24: read file
[2025-08-20T17:31:30.528Z] ❌ Cade failed task 24: read file
[2025-08-20T17:31:33.529Z] ❌ Cade failed task 24: read file
[2025-08-20T17:31:36.530Z] ❌ Cade failed task 24: read file
[2025-08-20T17:31:39.532Z] ❌ Cade failed task 24: read file
[2025-08-20T17:31:42.532Z] ❌ Cade failed task 24: read file
[2025-08-20T17:31:45.532Z] ❌ Cade failed task 24: read file
[2025-08-20T17:31:48.534Z] ❌ Cade failed task 24: read file
[2025-08-20T17:31:51.535Z] ❌ Cade failed task 24: read file
[2025-08-20T17:31:54.539Z] ❌ Cade failed task 24: read file
[2025-08-20T17:31:57.537Z] ❌ Cade failed task 24: read file
[2025-08-20T17:32:00.538Z] ❌ Cade failed task 24: read file
[2025-08-20T17:32:03.539Z] ❌ Cade failed task 24: read file
[2025-08-20T17:32:06.538Z] ❌ Cade failed task 24: read file
[2025-08-20T17:32:09.540Z] ❌ Cade failed task 24: read file
[2025-08-20T17:32:12.540Z] ❌ Cade failed task 24: read file
[2025-08-20T17:32:15.542Z] ❌ Cade failed task 24: read file
[2025-08-20T17:32:18.544Z] ❌ Cade failed task 24: read file
[2025-08-20T17:32:21.545Z] ❌ Cade failed task 24: read file
[2025-08-20T17:32:24.546Z] ❌ Cade failed task 24: read file
[2025-08-20T17:32:27.548Z] ❌ Cade failed task 24: read file
[2025-08-20T17:32:30.548Z] ❌ Cade failed task 24: read file
[2025-08-20T17:32:33.550Z] ❌ Cade failed task 24: read file
[2025-08-20T17:32:36.550Z] ❌ Cade failed task 24: read file
[2025-08-20T17:32:39.553Z] ❌ Cade failed task 24: read file
[2025-08-20T17:32:42.553Z] ❌ Cade failed task 24: read file
[2025-08-20T17:32:45.553Z] ❌ Cade failed task 24: read file
[2025-08-20T17:32:48.554Z] ❌ Cade failed task 24: read file
[2025-08-20T17:32:51.557Z] ❌ Cade failed task 24: read file
[2025-08-20T17:32:54.558Z] ❌ Cade failed task 24: read file
[2025-08-20T17:32:57.559Z] ❌ Cade failed task 24: read file
[2025-08-20T17:33:00.559Z] ❌ Cade failed task 24: read file
[2025-08-20T17:33:03.561Z] ❌ Cade failed task 24: read file
[2025-08-20T17:33:06.561Z] ❌ Cade failed task 24: read file
[2025-08-20T17:33:09.562Z] ❌ Cade failed task 24: read file
[2025-08-20T17:33:12.564Z] ❌ Cade failed task 24: read file
[2025-08-20T17:33:15.565Z] ❌ Cade failed task 24: read file
[2025-08-20T17:33:18.566Z] ❌ Cade failed task 24: read file
[2025-08-20T17:33:21.567Z] ❌ Cade failed task 24: read file
[2025-08-20T17:33:24.568Z] ❌ Cade failed task 24: read file
[2025-08-20T17:33:27.570Z] ❌ Cade failed task 24: read file
[2025-08-20T17:33:30.571Z] ❌ Cade failed task 24: read file
[2025-08-20T17:33:33.573Z] ❌ Cade failed task 24: read file
[2025-08-20T17:33:36.573Z] ❌ Cade failed task 24: read file
[2025-08-20T17:33:39.575Z] ❌ Cade failed task 24: read file
[2025-08-20T17:33:42.576Z] ❌ Cade failed task 24: read file
[2025-08-20T17:33:45.575Z] ❌ Cade failed task 24: read file
[2025-08-20T17:33:48.577Z] ❌ Cade failed task 24: read file
[2025-08-20T17:33:51.577Z] ❌ Cade failed task 24: read file
[2025-08-20T17:33:54.577Z] ❌ Cade failed task 24: read file
[2025-08-20T17:33:57.579Z] ❌ Cade failed task 24: read file
[2025-08-20T17:34:00.580Z] ❌ Cade failed task 24: read file
[2025-08-20T17:34:03.581Z] ❌ Cade failed task 24: read file
[2025-08-20T17:34:06.583Z] ❌ Cade failed task 24: read file
[2025-08-20T17:34:09.583Z] ❌ Cade failed task 24: read file
[2025-08-20T17:34:12.583Z] ❌ Cade failed task 24: read file
[2025-08-20T17:34:15.584Z] ❌ Cade failed task 24: read file
[2025-08-20T17:34:18.585Z] ❌ Cade failed task 24: read file
[2025-08-20T17:34:21.587Z] ❌ Cade failed task 24: read file
