[phase25] task_events_emit loaded 2026-04-17T21:32:27.627Z file= file:///Users/marcela-dev/Projects/Motherboard_Systems_HQ/server/task_events_emit.mjs
[phase26][dbg] tick { ts: '2026-04-17T21:32:27.631Z', owner: 'worker-80765' }
[phase26][dbg] claim_attempt
[worker] loop error error: bind message supplies 2 parameters, but prepared statement "" requires 1
    at /Users/marcela-dev/Projects/Motherboard_Systems_HQ/node_modules/.pnpm/pg@8.20.0/node_modules/pg/lib/client.js:631:17
    at process.processTicksAndRejections (node:internal/process/task_queues:105:5)
    at async claimOne (file:///Users/marcela-dev/Projects/Motherboard_Systems_HQ/server/worker/phase26_task_worker.mjs:62:13)
    at async loop (file:///Users/marcela-dev/Projects/Motherboard_Systems_HQ/server/worker/phase26_task_worker.mjs:133:24) {
  length: 137,
  severity: 'ERROR',
  code: '08P01',
  detail: undefined,
  hint: undefined,
  position: undefined,
  internalPosition: undefined,
  internalQuery: undefined,
  where: undefined,
  schema: undefined,
  table: undefined,
  column: undefined,
  dataType: undefined,
  constraint: undefined,
  file: 'postgres.c',
  line: '1733',
  routine: 'exec_bind_message'
}
[phase26][dbg] sleep_backoff { backoff: 2000 }
[phase26][dbg] tick { ts: '2026-04-17T21:32:29.651Z', owner: 'worker-80765' }
[phase26][dbg] claim_attempt
[worker] loop error error: bind message supplies 2 parameters, but prepared statement "" requires 1
    at /Users/marcela-dev/Projects/Motherboard_Systems_HQ/node_modules/.pnpm/pg@8.20.0/node_modules/pg/lib/client.js:631:17
    at process.processTicksAndRejections (node:internal/process/task_queues:105:5)
    at async claimOne (file:///Users/marcela-dev/Projects/Motherboard_Systems_HQ/server/worker/phase26_task_worker.mjs:62:13)
    at async loop (file:///Users/marcela-dev/Projects/Motherboard_Systems_HQ/server/worker/phase26_task_worker.mjs:133:24) {
  length: 137,
  severity: 'ERROR',
  code: '08P01',
  detail: undefined,
  hint: undefined,
  position: undefined,
  internalPosition: undefined,
  internalQuery: undefined,
  where: undefined,
  schema: undefined,
  table: undefined,
  column: undefined,
  dataType: undefined,
  constraint: undefined,
  file: 'postgres.c',
  line: '1733',
  routine: 'exec_bind_message'
}
[phase26][dbg] sleep_backoff { backoff: 4000 }
[phase26][dbg] tick { ts: '2026-04-17T21:32:33.663Z', owner: 'worker-80765' }
[phase26][dbg] claim_attempt
[worker] loop error error: bind message supplies 2 parameters, but prepared statement "" requires 1
    at /Users/marcela-dev/Projects/Motherboard_Systems_HQ/node_modules/.pnpm/pg@8.20.0/node_modules/pg/lib/client.js:631:17
    at process.processTicksAndRejections (node:internal/process/task_queues:105:5)
    at async claimOne (file:///Users/marcela-dev/Projects/Motherboard_Systems_HQ/server/worker/phase26_task_worker.mjs:62:13)
    at async loop (file:///Users/marcela-dev/Projects/Motherboard_Systems_HQ/server/worker/phase26_task_worker.mjs:133:24) {
  length: 137,
  severity: 'ERROR',
  code: '08P01',
  detail: undefined,
  hint: undefined,
  position: undefined,
  internalPosition: undefined,
  internalQuery: undefined,
  where: undefined,
  schema: undefined,
  table: undefined,
  column: undefined,
  dataType: undefined,
  constraint: undefined,
  file: 'postgres.c',
  line: '1733',
  routine: 'exec_bind_message'
}
[phase26][dbg] sleep_backoff { backoff: 8000 }
[phase26][dbg] tick { ts: '2026-04-17T21:32:41.672Z', owner: 'worker-80765' }
[phase26][dbg] claim_attempt
[worker] loop error error: bind message supplies 2 parameters, but prepared statement "" requires 1
    at /Users/marcela-dev/Projects/Motherboard_Systems_HQ/node_modules/.pnpm/pg@8.20.0/node_modules/pg/lib/client.js:631:17
    at process.processTicksAndRejections (node:internal/process/task_queues:105:5)
    at async claimOne (file:///Users/marcela-dev/Projects/Motherboard_Systems_HQ/server/worker/phase26_task_worker.mjs:62:13)
    at async loop (file:///Users/marcela-dev/Projects/Motherboard_Systems_HQ/server/worker/phase26_task_worker.mjs:133:24) {
  length: 137,
  severity: 'ERROR',
  code: '08P01',
  detail: undefined,
  hint: undefined,
  position: undefined,
  internalPosition: undefined,
  internalQuery: undefined,
  where: undefined,
  schema: undefined,
  table: undefined,
  column: undefined,
  dataType: undefined,
  constraint: undefined,
  file: 'postgres.c',
  line: '1733',
  routine: 'exec_bind_message'
}
[phase26][dbg] sleep_backoff { backoff: 16000 }
